#
# There is insufficient memory for the Java Runtime Environment to continue.
# Native memory allocation (mmap) failed to map 266338304 bytes for G1 virtual space
# Possible reasons:
#   The system is out of physical RAM or swap space
#   The process is running with CompressedOops enabled, and the Java Heap may be blocking the growth of the native heap
# Possible solutions:
#   Reduce memory load on the system
#   Increase physical memory or swap space
#   Check if swap backing store is full
#   Decrease Java heap size (-Xmx/-Xms)
#   Decrease number of Java threads
#   Decrease Java thread stack sizes (-Xss)
#   Set larger code cache with -XX:ReservedCodeCacheSize=
#   JVM is running with Zero Based Compressed Oops mode in which the Java heap is
#     placed in the first 32GB address space. The Java Heap base address is the
#     maximum limit for the native heap growth. Please use -XX:HeapBaseMinAddress
#     to set the Java Heap base and to place the Java Heap above 32GB virtual address.
# This output file may be truncated or incomplete.
#
#  Out of Memory Error (os_windows.cpp:3551), pid=8860, tid=1216
#
# JRE version:  (17.0.14+8) (build )
# Java VM: Java HotSpot(TM) 64-Bit Server VM (17.0.14+8-LTS-191, mixed mode, sharing, tiered, compressed oops, compressed class ptrs, g1 gc, windows-amd64)
# No core dump will be written. Minidumps are not enabled by default on client versions of Windows
#

---------------  S U M M A R Y ------------

Command Line: -Dnet.bytebuddy.agent.attacher.dump= net.bytebuddy.agent.Attacher com.sun.tools.attach.VirtualMachine 11380 C:\Users\Admin\.gradle\caches\modules-2\files-2.1\net.bytebuddy\byte-buddy-agent\1.17.8\f09415827a71be7ed621c7bd02550678f28bc81c\byte-buddy-agent-1.17.8.jar false 

Host: Intel(R) Core(TM) i7-8750H CPU @ 2.20GHz, 12 cores, 15G,  Windows 10 , 64 bit Build 19041 (10.0.19041.5915)
Time: Tue Apr  7 15:32:32 2026 RTZ 2 (s 10 , 64 bit Build 19041 (10.0.19041.5915) elapsed time: 0.008085 seconds (0d 0h 0m 0s)

---------------  T H R E A D  ---------------

Current thread (0x000001a6d5e477d0):  JavaThread "Unknown thread" [_thread_in_vm, id=1216, stack(0x0000001711300000,0x0000001711400000)]

Stack: [0x0000001711300000,0x0000001711400000]
Native frames: (J=compiled Java code, j=interpreted, Vv=VM code, C=native code)
V  [jvm.dll+0x67a38a]
V  [jvm.dll+0x7da7ed]
V  [jvm.dll+0x7dc133]
V  [jvm.dll+0x7dc7a3]
V  [jvm.dll+0x24517f]
V  [jvm.dll+0x6773b9]
V  [jvm.dll+0x66c062]
V  [jvm.dll+0x302096]
V  [jvm.dll+0x309636]
V  [jvm.dll+0x359f8e]
V  [jvm.dll+0x35a1bf]
V  [jvm.dll+0x2d9168]
V  [jvm.dll+0x2da0d4]
V  [jvm.dll+0x7acf71]
V  [jvm.dll+0x3677f1]
V  [jvm.dll+0x78bdf9]
V  [jvm.dll+0x3ecbaf]
V  [jvm.dll+0x3ee7e1]
C  [jli.dll+0x5297]
C  [ucrtbase.dll+0x21bb2]
C  [KERNEL32.DLL+0x17374]
C  [ntdll.dll+0x4cc91]


---------------  P R O C E S S  ---------------

Threads class SMR info:
_java_thread_list=0x00007ffd2f0b8a18, length=0, elements={
}

Java Threads: ( => current thread )

Other Threads:
  0x000001a6d5eb1dd0 GCTaskThread "GC Thread#0" [stack: 0x0000001711400000,0x0000001711500000] [id=14712]
  0x000001a6d5ec39d0 ConcurrentGCThread "G1 Main Marker" [stack: 0x0000001711500000,0x0000001711600000] [id=2936]
  0x000001a6d5ec4a90 ConcurrentGCThread "G1 Conc#0" [stack: 0x0000001711600000,0x0000001711700000] [id=8324]

[error occurred during error reporting (printing all threads), id 0xc0000005, EXCEPTION_ACCESS_VIOLATION (0xc0000005) at pc=0x00007ffd2e8e9c57]

VM state: not at safepoint (not fully initialized)

VM Mutex/Monitor currently owned by a thread:  ([mutex/lock_event])
[0x000001a6d5e42fd0] Heap_lock - owner thread: 0x000001a6d5e477d0

Heap address: 0x0000000702600000, size: 4058 MB, Compressed Oops mode: Zero based, Oop shift amount: 3

CDS archive(s) mapped at: [0x0000000000000000-0x0000000000000000-0x0000000000000000), size 0, SharedBaseAddress: 0x0000000800000000, ArchiveRelocationMode: 1.
Narrow klass base: 0x0000000000000000, Narrow klass shift: 0, Narrow klass range: 0x0

GC Precious Log:
<Empty>

Heap:
 garbage-first heap   total 0K, used 0K [0x0000000702600000, 0x0000000800000000)
  region size 2048K, 0 young (0K), 0 survivors (0K)

[error occurred during error reporting (printing heap information), id 0xc0000005, EXCEPTION_ACCESS_VIOLATION (0xc0000005) at pc=0x00007ffd2ecd3b79]

GC Heap History (0 events):
No events

Deoptimization events (0 events):
No events

Classes unloaded (0 events):
No events

Classes redefined (0 events):
No events

Internal exceptions (0 events):
No events

VM Operations (0 events):
No events

Events (1 events):
Event: 0.005 Loaded shared library C:\Program Files\Java\jdk-17\bin\java.dll


Dynamic libraries:
0x00007ff741510000 - 0x00007ff741520000 	C:\Program Files\Java\jdk-17\bin\java.exe
0x00007ffd67430000 - 0x00007ffd67628000 	C:\Windows\SYSTEM32\ntdll.dll
0x00007ffd66400000 - 0x00007ffd664c2000 	C:\Windows\System32\KERNEL32.DLL
0x00007ffd64f90000 - 0x00007ffd65286000 	C:\Windows\System32\KERNELBASE.dll
0x00007ffd64b60000 - 0x00007ffd64c60000 	C:\Windows\System32\ucrtbase.dll
0x00007ffd50270000 - 0x00007ffd50289000 	C:\Program Files\Java\jdk-17\bin\jli.dll
0x00007ffd502d0000 - 0x00007ffd502eb000 	C:\Program Files\Java\jdk-17\bin\VCRUNTIME140.dll
0x00007ffd65450000 - 0x00007ffd65501000 	C:\Windows\System32\ADVAPI32.dll
0x00007ffd665f0000 - 0x00007ffd6668e000 	C:\Windows\System32\msvcrt.dll
0x00007ffd668f0000 - 0x00007ffd6698f000 	C:\Windows\System32\sechost.dll
0x00007ffd666a0000 - 0x00007ffd667c0000 	C:\Windows\System32\RPCRT4.dll
0x00007ffd65420000 - 0x00007ffd65447000 	C:\Windows\System32\bcrypt.dll
0x00007ffd66250000 - 0x00007ffd663f1000 	C:\Windows\System32\USER32.dll
0x00007ffd64f60000 - 0x00007ffd64f82000 	C:\Windows\System32\win32u.dll
0x00007ffd529c0000 - 0x00007ffd52c5b000 	C:\Windows\WinSxS\amd64_microsoft.windows.common-controls_6595b64144ccf1df_6.0.19041.6456_none_60b8a6cb71f64256\COMCTL32.dll
0x00007ffd65550000 - 0x00007ffd6557b000 	C:\Windows\System32\GDI32.dll
0x00007ffd64e40000 - 0x00007ffd64f59000 	C:\Windows\System32\gdi32full.dll
0x00007ffd64ac0000 - 0x00007ffd64b5d000 	C:\Windows\System32\msvcp_win.dll
0x00007ffd5f320000 - 0x00007ffd5f32a000 	C:\Windows\SYSTEM32\VERSION.dll
0x00007ffd65520000 - 0x00007ffd6554f000 	C:\Windows\System32\IMM32.DLL
0x00007ffd5add0000 - 0x00007ffd5addc000 	C:\Program Files\Java\jdk-17\bin\vcruntime140_1.dll
0x00007ffd48a60000 - 0x00007ffd48aee000 	C:\Program Files\Java\jdk-17\bin\msvcp140.dll
0x00007ffd2e600000 - 0x00007ffd2f1e1000 	C:\Program Files\Java\jdk-17\bin\server\jvm.dll
0x00007ffd65990000 - 0x00007ffd65998000 	C:\Windows\System32\PSAPI.DLL
0x00007ffd3c920000 - 0x00007ffd3c929000 	C:\Windows\SYSTEM32\WSOCK32.dll
0x00007ffd52e10000 - 0x00007ffd52e37000 	C:\Windows\SYSTEM32\WINMM.dll
0x00007ffd66b30000 - 0x00007ffd66b9b000 	C:\Windows\System32\WS2_32.dll
0x00007ffd63290000 - 0x00007ffd632a2000 	C:\Windows\SYSTEM32\kernel.appcore.dll
0x00007ffd4d330000 - 0x00007ffd4d33a000 	C:\Program Files\Java\jdk-17\bin\jimage.dll
0x00007ffd62eb0000 - 0x00007ffd630b1000 	C:\Windows\SYSTEM32\DBGHELP.DLL
0x00007ffd4fbf0000 - 0x00007ffd4fc24000 	C:\Windows\SYSTEM32\dbgcore.DLL
0x00007ffd652e0000 - 0x00007ffd65362000 	C:\Windows\System32\bcryptPrimitives.dll
0x00007ffd49350000 - 0x00007ffd49375000 	C:\Program Files\Java\jdk-17\bin\java.dll

dbghelp: loaded successfully - version: 4.0.5 - missing functions: none
symbol engine: initialized successfully - sym options: 0x614 - pdb path: .;C:\Program Files\Java\jdk-17\bin;C:\Windows\SYSTEM32;C:\Windows\WinSxS\amd64_microsoft.windows.common-controls_6595b64144ccf1df_6.0.19041.6456_none_60b8a6cb71f64256;C:\Program Files\Java\jdk-17\bin\server

VM Arguments:
jvm_args: -Dnet.bytebuddy.agent.attacher.dump= 
java_command: net.bytebuddy.agent.Attacher com.sun.tools.attach.VirtualMachine 11380 C:\Users\Admin\.gradle\caches\modules-2\files-2.1\net.bytebuddy\byte-buddy-agent\1.17.8\f09415827a71be7ed621c7bd02550678f28bc81c\byte-buddy-agent-1.17.8.jar false 
java_class_path (initial): C:\Users\Admin\.gradle\caches\modules-2\files-2.1\net.bytebuddy\byte-buddy-agent\1.17.8\f09415827a71be7ed621c7bd02550678f28bc81c\byte-buddy-agent-1.17.8.jar
Launcher Type: SUN_STANDARD

[Global flags]
     intx CICompilerCount                          = 4                                         {product} {ergonomic}
     uint ConcGCThreads                            = 3                                         {product} {ergonomic}
     uint G1ConcRefinementThreads                  = 10                                        {product} {ergonomic}
   size_t G1HeapRegionSize                         = 2097152                                   {product} {ergonomic}
    uintx GCDrainStackTargetSize                   = 64                                        {product} {ergonomic}
   size_t InitialHeapSize                          = 266338304                                 {product} {ergonomic}
   size_t MarkStackSize                            = 4194304                                   {product} {ergonomic}
   size_t MaxHeapSize                              = 4255121408                                {product} {ergonomic}
   size_t MinHeapDeltaBytes                        = 2097152                                   {product} {ergonomic}
   size_t MinHeapSize                              = 8388608                                   {product} {ergonomic}
    uintx NonNMethodCodeHeapSize                   = 5839372                                {pd product} {ergonomic}
    uintx NonProfiledCodeHeapSize                  = 122909434                              {pd product} {ergonomic}
    uintx ProfiledCodeHeapSize                     = 122909434                              {pd product} {ergonomic}
    uintx ReservedCodeCacheSize                    = 251658240                              {pd product} {ergonomic}
     bool SegmentedCodeCache                       = true                                      {product} {ergonomic}
   size_t SoftMaxHeapSize                          = 4255121408                             {manageable} {ergonomic}
     bool UseCompressedClassPointers               = true                           {product lp64_product} {ergonomic}
     bool UseCompressedOops                        = true                           {product lp64_product} {ergonomic}
     bool UseG1GC                                  = true                                      {product} {ergonomic}
     bool UseLargePagesIndividualAllocation        = false                                  {pd product} {ergonomic}

Logging:
Log output configuration:
 #0: stdout all=warning uptime,level,tags
 #1: stderr all=off uptime,level,tags

Environment Variables:
JAVA_HOME=C:\Program Files\Java\jdk-17
PATH=C:\Program Files\Common Files\Oracle\Java\javapath;C:\Program Files (x86)\Borland\Delphi7\Bin;C:\Program Files (x86)\Borland\Delphi7\Projects\Bpl\;C:\Program Files (x86)\Common Files\Oracle\Java\javapath;C:\Windows\system32;C:\Windows;C:\Windows\System32\Wbem;C:\Windows\System32\WindowsPowerShell\v1.0\;C:\Windows\System32\OpenSSH\;C:\Program Files\Git\cmd;C:\Program Files\Java\jdk-17\bin;D:\maven\bin;C:\Program Files\Docker\Docker\resources\bin;D:\Android\Sdk\platform-tools;C:\Users\Admin\AppData\Local\Microsoft\WindowsApps;
USERNAME=Admin
OS=Windows_NT
PROCESSOR_IDENTIFIER=Intel64 Family 6 Model 158 Stepping 10, GenuineIntel



---------------  S Y S T E M  ---------------

OS:
 Windows 10 , 64 bit Build 19041 (10.0.19041.5915)
OS uptime: 0 days 7:54 hours
Hyper-V role detected

CPU: total 12 (initial active 12) (6 cores per cpu, 2 threads per core) family 6 model 158 stepping 10 microcode 0xb4, cx8, cmov, fxsr, ht, mmx, 3dnowpref, sse, sse2, sse3, ssse3, sse4.1, sse4.2, popcnt, lzcnt, tsc, tscinvbit, avx, avx2, aes, erms, clmul, bmi1, bmi2, adx, fma, vzeroupper, clflush, clflushopt, hv

Memory: 4k page, system-wide physical 16226M (1417M free)
TotalPageFile size 16226M (AvailPageFile size 76M)
current process WorkingSet (physical memory assigned to process): 10M, peak: 10M
current process commit charge ("private bytes"): 64M, peak: 318M

vm_info: Java HotSpot(TM) 64-Bit Server VM (17.0.14+8-LTS-191) for windows-amd64 JRE (17.0.14+8-LTS-191), built on Dec  3 2024 11:07:59 by "mach5one" with MS VC++ 17.6 (VS2022)

END.
