#
# There is insufficient memory for the Java Runtime Environment to continue.
# Native memory allocation (malloc) failed to allocate 1325856 bytes for Chunk::new
# Possible reasons:
#   The system is out of physical RAM or swap space
#   The process is running with CompressedOops enabled, and the Java Heap may be blocking the growth of the native heap
# Possible solutions:
#   Reduce memory load on the system
#   Increase physical memory or swap space
#   Check if swap backing store is full
#   Decrease Java heap size (-Xmx/-Xms)
#   Decrease number of Java threads
#   Decrease Java thread stack sizes (-Xss)
#   Set larger code cache with -XX:ReservedCodeCacheSize=
#   JVM is running with Unscaled Compressed Oops mode in which the Java heap is
#     placed in the first 4GB address space. The Java Heap base address is the
#     maximum limit for the native heap growth. Please use -XX:HeapBaseMinAddress
#     to set the Java Heap base and to place the Java Heap above 4GB virtual address.
# This output file may be truncated or incomplete.
#
#  Out of Memory Error (arena.cpp:189), pid=14656, tid=14892
#
# JRE version: Java(TM) SE Runtime Environment (17.0.14+8) (build 17.0.14+8-LTS-191)
# Java VM: Java HotSpot(TM) 64-Bit Server VM (17.0.14+8-LTS-191, mixed mode, sharing, tiered, compressed oops, compressed class ptrs, g1 gc, windows-amd64)
# No core dump will be written. Minidumps are not enabled by default on client versions of Windows
#

---------------  S U M M A R Y ------------

Command Line: -Ddebugger.agent.enable.coroutines=true -Ddebugger.async.stack.trace.for.all.threads=true -Dkotlinx.coroutines.debug.enable.creation.stack.trace=false -Dkotlinx.coroutines.debug.enable.flows.stack.trace=true -Dkotlinx.coroutines.debug.enable.mutable.state.flows.stack.trace=true -Dorg.gradle.internal.worker.tmpdir=D:\IdeaProjects\spring-security-jwt\build\tmp\test\work -agentlib:jdwp=transport=dt_socket,server=n,suspend=y,address=127.0.0.1:60375 -javaagent:C:\Users\Admin\AppData\Local\JetBrains\IntelliJIdea2025.3\captureAgent\debugger-agent.jar=file:///C:/Users/Admin/AppData/Local/Temp/capture10978586401358090207.props -Xmx512m -Dfile.encoding=UTF-8 -Duser.country=RU -Duser.language=ru -Duser.variant -ea worker.org.gradle.process.internal.worker.GradleWorkerMain 'Gradle Test Executor 4'

Host: Intel(R) Core(TM) i7-8750H CPU @ 2.20GHz, 12 cores, 15G,  Windows 10 , 64 bit Build 19041 (10.0.19041.5915)
Time: Tue Apr  7 15:30:28 2026 RTZ 2 (s 10 , 64 bit Build 19041 (10.0.19041.5915) elapsed time: 10.720793 seconds (0d 0h 0m 10s)

---------------  T H R E A D  ---------------

Current thread (0x0000027e6e284780):  JavaThread "C2 CompilerThread1" daemon [_thread_in_native, id=14892, stack(0x000000f4c4d00000,0x000000f4c4e00000)]


Current CompileTask:
C2:  10720 6375       4       org.springframework.core.SerializableTypeWrapper$TypeProxyInvocationHandler::invoke (364 bytes)

Stack: [0x000000f4c4d00000,0x000000f4c4e00000]
Native frames: (J=compiled Java code, j=interpreted, Vv=VM code, C=native code)
V  [jvm.dll+0x67a38a]
V  [jvm.dll+0x7da7ed]
V  [jvm.dll+0x7dc133]
V  [jvm.dll+0x7dc7a3]
V  [jvm.dll+0x24517f]
V  [jvm.dll+0xab773]
V  [jvm.dll+0xabd3c]
V  [jvm.dll+0x2aa61f]
V  [jvm.dll+0x582209]
V  [jvm.dll+0x21f522]
V  [jvm.dll+0x21f91f]
V  [jvm.dll+0x218ba0]
V  [jvm.dll+0x215c65]
V  [jvm.dll+0x1a2950]
V  [jvm.dll+0x22620b]
V  [jvm.dll+0x2243ab]
V  [jvm.dll+0x790bbc]
V  [jvm.dll+0x78b04a]
V  [jvm.dll+0x679275]
C  [ucrtbase.dll+0x21bb2]
C  [KERNEL32.DLL+0x17374]
C  [ntdll.dll+0x4cc91]


---------------  P R O C E S S  ---------------

Threads class SMR info:
_java_thread_list=0x0000027e5cda2910, length=41, elements={
0x0000027e78acba80, 0x0000027e7d03ea50, 0x0000027e7d03f7e0, 0x0000027e7d0597a0,
0x0000027e7d05b080, 0x0000027e7d05b950, 0x0000027e7d05e230, 0x0000027e7d05eee0,
0x0000027e7d0602c0, 0x0000027e7d067d00, 0x0000027e16b290b0, 0x0000027e16c09650,
0x0000027e16c174c0, 0x0000027e16c17fc0, 0x0000027e16b26830, 0x0000027e16b295c0,
0x0000027e16b27760, 0x0000027e16b28690, 0x0000027e16b27c70, 0x0000027e601a2150,
0x0000027e6019b1f0, 0x0000027e6019eeb0, 0x0000027e6019b700, 0x0000027e6019cb40,
0x0000027e6019f3c0, 0x0000027e6019d560, 0x0000027e5dde4e60, 0x0000027e5dde3f30,
0x0000027e60a3ea70, 0x0000027e60a3e560, 0x0000027e60a3db40, 0x0000027e60a3e050,
0x0000027e6133a9d0, 0x0000027e6133b3f0, 0x0000027e6133f0b0, 0x0000027e60a3cc10,
0x0000027e63719170, 0x0000027e620d4660, 0x0000027e682750f0, 0x0000027e6e284780,
0x0000027e6e288740
}

Java Threads: ( => current thread )
  0x0000027e78acba80 JavaThread "Test worker" [_thread_in_native, id=9464, stack(0x000000f4c3600000,0x000000f4c3700000)]
  0x0000027e7d03ea50 JavaThread "Reference Handler" daemon [_thread_blocked, id=2292, stack(0x000000f4c3d00000,0x000000f4c3e00000)]
  0x0000027e7d03f7e0 JavaThread "Finalizer" daemon [_thread_blocked, id=1268, stack(0x000000f4c3e00000,0x000000f4c3f00000)]
  0x0000027e7d0597a0 JavaThread "Signal Dispatcher" daemon [_thread_blocked, id=9392, stack(0x000000f4c3f00000,0x000000f4c4000000)]
  0x0000027e7d05b080 JavaThread "Attach Listener" daemon [_thread_blocked, id=8016, stack(0x000000f4c4000000,0x000000f4c4100000)]
  0x0000027e7d05b950 JavaThread "Service Thread" daemon [_thread_blocked, id=12108, stack(0x000000f4c4100000,0x000000f4c4200000)]
  0x0000027e7d05e230 JavaThread "Monitor Deflation Thread" daemon [_thread_blocked, id=6984, stack(0x000000f4c4200000,0x000000f4c4300000)]
  0x0000027e7d05eee0 JavaThread "C2 CompilerThread0" daemon [_thread_in_native, id=6552, stack(0x000000f4c4300000,0x000000f4c4400000)]
  0x0000027e7d0602c0 JavaThread "C1 CompilerThread0" daemon [_thread_blocked, id=15164, stack(0x000000f4c4400000,0x000000f4c4500000)]
  0x0000027e7d067d00 JavaThread "Sweeper thread" daemon [_thread_blocked, id=13900, stack(0x000000f4c4500000,0x000000f4c4600000)]
  0x0000027e16b290b0 JavaThread "Common-Cleaner" daemon [_thread_blocked, id=12072, stack(0x000000f4c4600000,0x000000f4c4700000)]
  0x0000027e16c09650 JavaThread "JDWP Transport Listener: dt_socket" daemon [_thread_blocked, id=12900, stack(0x000000f4c4700000,0x000000f4c4800000)]
  0x0000027e16c174c0 JavaThread "JDWP Event Helper Thread" daemon [_thread_blocked, id=10396, stack(0x000000f4c4800000,0x000000f4c4900000)]
  0x0000027e16c17fc0 JavaThread "JDWP Command Reader" daemon [_thread_in_native, id=9528, stack(0x000000f4c4900000,0x000000f4c4a00000)]
  0x0000027e16b26830 JavaThread "IntelliJ Suspend Helper" daemon [_thread_blocked, id=12500, stack(0x000000f4c4a00000,0x000000f4c4b00000)]
  0x0000027e16b295c0 JavaThread "Notification Thread" daemon [_thread_blocked, id=13968, stack(0x000000f4c4b00000,0x000000f4c4c00000)]
  0x0000027e16b27760 JavaThread "/127.0.0.1:60379 to /127.0.0.1:60377 workers" [_thread_blocked, id=15272, stack(0x000000f4c5800000,0x000000f4c5900000)]
  0x0000027e16b28690 JavaThread "/127.0.0.1:60379 to /127.0.0.1:60377 workers Thread 2" [_thread_blocked, id=9916, stack(0x000000f4c5900000,0x000000f4c5a00000)]
  0x0000027e16b27c70 JavaThread "/127.0.0.1:60379 to /127.0.0.1:60377 workers Thread 3" [_thread_in_native, id=13756, stack(0x000000f4c5a00000,0x000000f4c5b00000)]
  0x0000027e601a2150 JavaThread "Thread-3" daemon [_thread_in_native, id=272, stack(0x000000f4c5f00000,0x000000f4c6000000)]
  0x0000027e6019b1f0 JavaThread "Thread-4" daemon [_thread_in_native, id=9608, stack(0x000000f4c6000000,0x000000f4c6100000)]
  0x0000027e6019eeb0 JavaThread "Thread-5" daemon [_thread_in_native, id=11364, stack(0x000000f4c6100000,0x000000f4c6200000)]
  0x0000027e6019b700 JavaThread "Thread-6" daemon [_thread_in_native, id=7936, stack(0x000000f4c6200000,0x000000f4c6300000)]
  0x0000027e6019cb40 JavaThread "Thread-7" daemon [_thread_in_native, id=8520, stack(0x000000f4c6300000,0x000000f4c6400000)]
  0x0000027e6019f3c0 JavaThread "Thread-8" daemon [_thread_in_native, id=7124, stack(0x000000f4c6400000,0x000000f4c6500000)]
  0x0000027e6019d560 JavaThread "Thread-9" daemon [_thread_in_native, id=11280, stack(0x000000f4c6500000,0x000000f4c6600000)]
  0x0000027e5dde4e60 JavaThread "Thread-10" daemon [_thread_in_native, id=12280, stack(0x000000f4c6600000,0x000000f4c6700000)]
  0x0000027e5dde3f30 JavaThread "Thread-11" daemon [_thread_in_native, id=11640, stack(0x000000f4c6700000,0x000000f4c6800000)]
  0x0000027e60a3ea70 JavaThread "Thread-12" daemon [_thread_in_native, id=9808, stack(0x000000f4c6800000,0x000000f4c6900000)]
  0x0000027e60a3e560 JavaThread "Thread-13" daemon [_thread_in_native, id=10736, stack(0x000000f4c6900000,0x000000f4c6a00000)]
  0x0000027e60a3db40 JavaThread "Thread-14" daemon [_thread_in_native, id=13500, stack(0x000000f4c6a00000,0x000000f4c6b00000)]
  0x0000027e60a3e050 JavaThread "Thread-15" daemon [_thread_in_native, id=1432, stack(0x000000f4c6b00000,0x000000f4c6c00000)]
  0x0000027e6133a9d0 JavaThread "Thread-19" daemon [_thread_blocked, id=4344, stack(0x000000f4c5e00000,0x000000f4c5f00000)]
  0x0000027e6133b3f0 JavaThread "Thread-20" daemon [_thread_blocked, id=11384, stack(0x000000f4c6c00000,0x000000f4c6d00000)]
  0x0000027e6133f0b0 JavaThread "testcontainers-ryuk" daemon [_thread_blocked, id=2412, stack(0x000000f4c5b00000,0x000000f4c5c00000)]
  0x0000027e60a3cc10 JavaThread "boundedElastic-evictor-1" daemon [_thread_blocked, id=32, stack(0x000000f4c6e00000,0x000000f4c6f00000)]
  0x0000027e63719170 JavaThread "Cleaner-0" daemon [_thread_blocked, id=4848, stack(0x000000f4c6f00000,0x000000f4c7000000)]
  0x0000027e620d4660 JavaThread "HikariPool-1:housekeeper" daemon [_thread_blocked, id=6520, stack(0x000000f4c7000000,0x000000f4c7100000)]
  0x0000027e682750f0 JavaThread "HikariPool-1:connection-adder" daemon [_thread_blocked, id=14684, stack(0x000000f4c7100000,0x000000f4c7200000)]
=>0x0000027e6e284780 JavaThread "C2 CompilerThread1" daemon [_thread_in_native, id=14892, stack(0x000000f4c4d00000,0x000000f4c4e00000)]
  0x0000027e6e288740 JavaThread "C2 CompilerThread2" daemon [_thread_in_native, id=13156, stack(0x000000f4c6d00000,0x000000f4c6e00000)]

Other Threads:
  0x0000027e7d036250 VMThread "VM Thread" [stack: 0x000000f4c3c00000,0x000000f4c3d00000] [id=10728]
  0x0000027e7d0440e0 WatcherThread [stack: 0x000000f4c4c00000,0x000000f4c4d00000] [id=12200]
  0x0000027e78afcbc0 GCTaskThread "GC Thread#0" [stack: 0x000000f4c3700000,0x000000f4c3800000] [id=12412]
  0x0000027e5cd9e3c0 GCTaskThread "GC Thread#1" [stack: 0x000000f4c4e00000,0x000000f4c4f00000] [id=13304]
  0x0000027e5ce0c2b0 GCTaskThread "GC Thread#2" [stack: 0x000000f4c4f00000,0x000000f4c5000000] [id=1792]
  0x0000027e5cd5e480 GCTaskThread "GC Thread#3" [stack: 0x000000f4c5000000,0x000000f4c5100000] [id=10588]
  0x0000027e5cdbec80 GCTaskThread "GC Thread#4" [stack: 0x000000f4c5100000,0x000000f4c5200000] [id=13288]
  0x0000027e5ce2e0f0 GCTaskThread "GC Thread#5" [stack: 0x000000f4c5200000,0x000000f4c5300000] [id=1508]
  0x0000027e5ce2de30 GCTaskThread "GC Thread#6" [stack: 0x000000f4c5300000,0x000000f4c5400000] [id=2672]
  0x0000027e5ce2e930 GCTaskThread "GC Thread#7" [stack: 0x000000f4c5400000,0x000000f4c5500000] [id=1564]
  0x0000027e5ce2f430 GCTaskThread "GC Thread#8" [stack: 0x000000f4c5500000,0x000000f4c5600000] [id=15016]
  0x0000027e5ce2ebf0 GCTaskThread "GC Thread#9" [stack: 0x000000f4c5600000,0x000000f4c5700000] [id=14444]
  0x0000027e78b02a30 ConcurrentGCThread "G1 Main Marker" [stack: 0x000000f4c3800000,0x000000f4c3900000] [id=10224]
  0x0000027e78b03350 ConcurrentGCThread "G1 Conc#0" [stack: 0x000000f4c3900000,0x000000f4c3a00000] [id=8180]
  0x0000027e5d542140 ConcurrentGCThread "G1 Conc#1" [stack: 0x000000f4c5c00000,0x000000f4c5d00000] [id=10744]
  0x0000027e5d5426c0 ConcurrentGCThread "G1 Conc#2" [stack: 0x000000f4c5d00000,0x000000f4c5e00000] [id=12468]
  0x0000027e78b8e760 ConcurrentGCThread "G1 Refine#0" [stack: 0x000000f4c3a00000,0x000000f4c3b00000] [id=5400]
  0x0000027e7cefe290 ConcurrentGCThread "G1 Service" [stack: 0x000000f4c3b00000,0x000000f4c3c00000] [id=4448]

Threads with active compile tasks:
C2 CompilerThread0    10744 6212       4       org.springframework.core.annotation.AnnotationsScanner::getBaseTypeMethods (123 bytes)
C2 CompilerThread1    10744 6375       4       org.springframework.core.SerializableTypeWrapper$TypeProxyInvocationHandler::invoke (364 bytes)
C2 CompilerThread2    10744 6390   !   4       org.springframework.core.annotation.AnnotationsScanner::processMethodHierarchy (276 bytes)

VM state: not at safepoint (normal execution)

VM Mutex/Monitor currently owned by a thread: None

Heap address: 0x00000000e0000000, size: 512 MB, Compressed Oops mode: 32-bit

CDS archive(s) mapped at: [0x0000027e17000000-0x0000027e17bd0000-0x0000027e17bd0000), size 12386304, SharedBaseAddress: 0x0000027e17000000, ArchiveRelocationMode: 1.
Compressed class space mapped at: 0x0000027e18000000-0x0000027e58000000, reserved size: 1073741824
Narrow klass base: 0x0000027e17000000, Narrow klass shift: 0, Narrow klass range: 0x100000000

GC Precious Log:
 CPUs: 12 total, 12 available
 Memory: 16226M
 Large Page Support: Disabled
 NUMA Support: Disabled
 Compressed Oops: Enabled (32-bit)
 Heap Region Size: 1M
 Heap Min Capacity: 8M
 Heap Initial Capacity: 254M
 Heap Max Capacity: 512M
 Pre-touch: Disabled
 Parallel Workers: 10
 Concurrent Workers: 3
 Concurrent Refinement Workers: 10
 Periodic GC: Disabled

Heap:
 garbage-first heap   total 109568K, used 62125K [0x00000000e0000000, 0x0000000100000000)
  region size 1024K, 30 young (30720K), 5 survivors (5120K)
 Metaspace       used 91958K, committed 92544K, reserved 1179648K
  class space    used 12333K, committed 12608K, reserved 1048576K

Heap Regions: E=young(eden), S=young(survivor), O=old, HS=humongous(starts), HC=humongous(continues), CS=collection set, F=free, OA=open archive, CA=closed archive, TAMS=top-at-mark-start (previous, next)
|   0|0x00000000e0000000, 0x00000000e0100000, 0x00000000e0100000|100%|HS|  |TAMS 0x00000000e0100000, 0x00000000e0000000| Complete 
|   1|0x00000000e0100000, 0x00000000e0200000, 0x00000000e0200000|100%|HC|  |TAMS 0x00000000e0200000, 0x00000000e0100000| Complete 
|   2|0x00000000e0200000, 0x00000000e0300000, 0x00000000e0300000|100%|HS|  |TAMS 0x00000000e0300000, 0x00000000e0200000| Complete 
|   3|0x00000000e0300000, 0x00000000e0400000, 0x00000000e0400000|100%|HS|  |TAMS 0x00000000e0400000, 0x00000000e0300000| Complete 
|   4|0x00000000e0400000, 0x00000000e0500000, 0x00000000e0500000|100%| O|  |TAMS 0x00000000e0500000, 0x00000000e0400000| Untracked 
|   5|0x00000000e0500000, 0x00000000e0600000, 0x00000000e0600000|100%| O|  |TAMS 0x00000000e0600000, 0x00000000e0500000| Untracked 
|   6|0x00000000e0600000, 0x00000000e0700000, 0x00000000e0700000|100%| O|  |TAMS 0x00000000e0700000, 0x00000000e0600000| Untracked 
|   7|0x00000000e0700000, 0x00000000e0800000, 0x00000000e0800000|100%| O|  |TAMS 0x00000000e0800000, 0x00000000e0700000| Untracked 
|   8|0x00000000e0800000, 0x00000000e0900000, 0x00000000e0900000|100%| O|  |TAMS 0x00000000e0900000, 0x00000000e0800000| Untracked 
|   9|0x00000000e0900000, 0x00000000e0a00000, 0x00000000e0a00000|100%| O|  |TAMS 0x00000000e0a00000, 0x00000000e0900000| Untracked 
|  10|0x00000000e0a00000, 0x00000000e0b00000, 0x00000000e0b00000|100%| O|  |TAMS 0x00000000e0b00000, 0x00000000e0a00000| Untracked 
|  11|0x00000000e0b00000, 0x00000000e0c00000, 0x00000000e0c00000|100%| O|  |TAMS 0x00000000e0c00000, 0x00000000e0b00000| Untracked 
|  12|0x00000000e0c00000, 0x00000000e0d00000, 0x00000000e0d00000|100%| O|  |TAMS 0x00000000e0d00000, 0x00000000e0c00000| Untracked 
|  13|0x00000000e0d00000, 0x00000000e0e00000, 0x00000000e0e00000|100%| O|  |TAMS 0x00000000e0e00000, 0x00000000e0d00000| Untracked 
|  14|0x00000000e0e00000, 0x00000000e0f00000, 0x00000000e0f00000|100%| O|  |TAMS 0x00000000e0f00000, 0x00000000e0e00000| Untracked 
|  15|0x00000000e0f00000, 0x00000000e1000000, 0x00000000e1000000|100%| O|  |TAMS 0x00000000e1000000, 0x00000000e0f00000| Untracked 
|  16|0x00000000e1000000, 0x00000000e1100000, 0x00000000e1100000|100%| O|  |TAMS 0x00000000e1100000, 0x00000000e1000000| Untracked 
|  17|0x00000000e1100000, 0x00000000e1200000, 0x00000000e1200000|100%| O|  |TAMS 0x00000000e1100000, 0x00000000e1100000| Untracked 
|  18|0x00000000e1200000, 0x00000000e1300000, 0x00000000e1300000|100%| O|  |TAMS 0x00000000e1300000, 0x00000000e1200000| Untracked 
|  19|0x00000000e1300000, 0x00000000e1400000, 0x00000000e1400000|100%| O|  |TAMS 0x00000000e1400000, 0x00000000e1300000| Untracked 
|  20|0x00000000e1400000, 0x00000000e1500000, 0x00000000e1500000|100%| O|  |TAMS 0x00000000e1500000, 0x00000000e1400000| Untracked 
|  21|0x00000000e1500000, 0x00000000e1600000, 0x00000000e1600000|100%| O|  |TAMS 0x00000000e1600000, 0x00000000e1500000| Untracked 
|  22|0x00000000e1600000, 0x00000000e1700000, 0x00000000e1700000|100%| O|  |TAMS 0x00000000e1700000, 0x00000000e1600000| Untracked 
|  23|0x00000000e1700000, 0x00000000e1800000, 0x00000000e1800000|100%| O|  |TAMS 0x00000000e1800000, 0x00000000e1700000| Untracked 
|  24|0x00000000e1800000, 0x00000000e1800000, 0x00000000e1900000|  0%| F|  |TAMS 0x00000000e1800000, 0x00000000e1800000| Untracked 
|  25|0x00000000e1900000, 0x00000000e1a00000, 0x00000000e1a00000|100%| O|  |TAMS 0x00000000e1900000, 0x00000000e1900000| Untracked 
|  26|0x00000000e1a00000, 0x00000000e1b00000, 0x00000000e1b00000|100%| O|  |TAMS 0x00000000e1a00000, 0x00000000e1a00000| Untracked 
|  27|0x00000000e1b00000, 0x00000000e1c00000, 0x00000000e1c00000|100%| O|  |TAMS 0x00000000e1b00000, 0x00000000e1b00000| Untracked 
|  28|0x00000000e1c00000, 0x00000000e1d00000, 0x00000000e1d00000|100%| O|  |TAMS 0x00000000e1c00000, 0x00000000e1c00000| Untracked 
|  29|0x00000000e1d00000, 0x00000000e1e00000, 0x00000000e1e00000|100%| O|  |TAMS 0x00000000e1d00000, 0x00000000e1d00000| Untracked 
|  30|0x00000000e1e00000, 0x00000000e1f00000, 0x00000000e1f00000|100%| O|  |TAMS 0x00000000e1e00000, 0x00000000e1e00000| Untracked 
|  31|0x00000000e1f00000, 0x00000000e2000000, 0x00000000e2000000|100%| O|  |TAMS 0x00000000e1f00000, 0x00000000e1f00000| Untracked 
|  32|0x00000000e2000000, 0x00000000e2100000, 0x00000000e2100000|100%| O|  |TAMS 0x00000000e2000000, 0x00000000e2000000| Untracked 
|  33|0x00000000e2100000, 0x00000000e2192e00, 0x00000000e2200000| 57%| O|  |TAMS 0x00000000e2100000, 0x00000000e2100000| Untracked 
|  34|0x00000000e2200000, 0x00000000e2200000, 0x00000000e2300000|  0%| F|  |TAMS 0x00000000e2200000, 0x00000000e2200000| Untracked 
|  35|0x00000000e2300000, 0x00000000e2300000, 0x00000000e2400000|  0%| F|  |TAMS 0x00000000e2300000, 0x00000000e2300000| Untracked 
|  36|0x00000000e2400000, 0x00000000e2400000, 0x00000000e2500000|  0%| F|  |TAMS 0x00000000e2400000, 0x00000000e2400000| Untracked 
|  37|0x00000000e2500000, 0x00000000e2500000, 0x00000000e2600000|  0%| F|  |TAMS 0x00000000e2500000, 0x00000000e2500000| Untracked 
|  38|0x00000000e2600000, 0x00000000e2600000, 0x00000000e2700000|  0%| F|  |TAMS 0x00000000e2600000, 0x00000000e2600000| Untracked 
|  39|0x00000000e2700000, 0x00000000e2700000, 0x00000000e2800000|  0%| F|  |TAMS 0x00000000e2700000, 0x00000000e2700000| Untracked 
|  40|0x00000000e2800000, 0x00000000e2800000, 0x00000000e2900000|  0%| F|  |TAMS 0x00000000e2800000, 0x00000000e2800000| Untracked 
|  41|0x00000000e2900000, 0x00000000e2900000, 0x00000000e2a00000|  0%| F|  |TAMS 0x00000000e2900000, 0x00000000e2900000| Untracked 
|  42|0x00000000e2a00000, 0x00000000e2a00000, 0x00000000e2b00000|  0%| F|  |TAMS 0x00000000e2a00000, 0x00000000e2a00000| Untracked 
|  43|0x00000000e2b00000, 0x00000000e2b00000, 0x00000000e2c00000|  0%| F|  |TAMS 0x00000000e2b00000, 0x00000000e2b00000| Untracked 
|  44|0x00000000e2c00000, 0x00000000e2c00000, 0x00000000e2d00000|  0%| F|  |TAMS 0x00000000e2c00000, 0x00000000e2c00000| Untracked 
|  45|0x00000000e2d00000, 0x00000000e2d00000, 0x00000000e2e00000|  0%| F|  |TAMS 0x00000000e2d00000, 0x00000000e2d00000| Untracked 
|  46|0x00000000e2e00000, 0x00000000e2e00000, 0x00000000e2f00000|  0%| F|  |TAMS 0x00000000e2e00000, 0x00000000e2e00000| Untracked 
|  47|0x00000000e2f00000, 0x00000000e2f18978, 0x00000000e3000000|  9%| S|CS|TAMS 0x00000000e2f00000, 0x00000000e2f00000| Complete 
|  48|0x00000000e3000000, 0x00000000e3100000, 0x00000000e3100000|100%| S|CS|TAMS 0x00000000e3000000, 0x00000000e3000000| Complete 
|  49|0x00000000e3100000, 0x00000000e3200000, 0x00000000e3200000|100%| S|CS|TAMS 0x00000000e3100000, 0x00000000e3100000| Complete 
|  50|0x00000000e3200000, 0x00000000e3300000, 0x00000000e3300000|100%| S|CS|TAMS 0x00000000e3200000, 0x00000000e3200000| Complete 
|  51|0x00000000e3300000, 0x00000000e3300000, 0x00000000e3400000|  0%| F|  |TAMS 0x00000000e3300000, 0x00000000e3300000| Untracked 
|  52|0x00000000e3400000, 0x00000000e3400000, 0x00000000e3500000|  0%| F|  |TAMS 0x00000000e3400000, 0x00000000e3400000| Untracked 
|  53|0x00000000e3500000, 0x00000000e3600000, 0x00000000e3600000|100%| S|CS|TAMS 0x00000000e3500000, 0x00000000e3500000| Complete 
|  54|0x00000000e3600000, 0x00000000e3600000, 0x00000000e3700000|  0%| F|  |TAMS 0x00000000e3600000, 0x00000000e3600000| Untracked 
|  55|0x00000000e3700000, 0x00000000e3700000, 0x00000000e3800000|  0%| F|  |TAMS 0x00000000e3700000, 0x00000000e3700000| Untracked 
|  56|0x00000000e3800000, 0x00000000e3800000, 0x00000000e3900000|  0%| F|  |TAMS 0x00000000e3800000, 0x00000000e3800000| Untracked 
|  57|0x00000000e3900000, 0x00000000e3900000, 0x00000000e3a00000|  0%| F|  |TAMS 0x00000000e3900000, 0x00000000e3900000| Untracked 
|  58|0x00000000e3a00000, 0x00000000e3a00000, 0x00000000e3b00000|  0%| F|  |TAMS 0x00000000e3a00000, 0x00000000e3a00000| Untracked 
|  59|0x00000000e3b00000, 0x00000000e3b00000, 0x00000000e3c00000|  0%| F|  |TAMS 0x00000000e3b00000, 0x00000000e3b00000| Untracked 
|  60|0x00000000e3c00000, 0x00000000e3c00000, 0x00000000e3d00000|  0%| F|  |TAMS 0x00000000e3c00000, 0x00000000e3c00000| Untracked 
|  61|0x00000000e3d00000, 0x00000000e3d00000, 0x00000000e3e00000|  0%| F|  |TAMS 0x00000000e3d00000, 0x00000000e3d00000| Untracked 
|  62|0x00000000e3e00000, 0x00000000e3e00000, 0x00000000e3f00000|  0%| F|  |TAMS 0x00000000e3e00000, 0x00000000e3e00000| Untracked 
|  63|0x00000000e3f00000, 0x00000000e3f00000, 0x00000000e4000000|  0%| F|  |TAMS 0x00000000e3f00000, 0x00000000e3f00000| Untracked 
|  64|0x00000000e4000000, 0x00000000e4000000, 0x00000000e4100000|  0%| F|  |TAMS 0x00000000e4000000, 0x00000000e4000000| Untracked 
|  65|0x00000000e4100000, 0x00000000e4100000, 0x00000000e4200000|  0%| F|  |TAMS 0x00000000e4100000, 0x00000000e4100000| Untracked 
|  66|0x00000000e4200000, 0x00000000e4200000, 0x00000000e4300000|  0%| F|  |TAMS 0x00000000e4200000, 0x00000000e4200000| Untracked 
|  67|0x00000000e4300000, 0x00000000e4300000, 0x00000000e4400000|  0%| F|  |TAMS 0x00000000e4300000, 0x00000000e4300000| Untracked 
|  68|0x00000000e4400000, 0x00000000e4400000, 0x00000000e4500000|  0%| F|  |TAMS 0x00000000e4400000, 0x00000000e4400000| Untracked 
|  69|0x00000000e4500000, 0x00000000e4500000, 0x00000000e4600000|  0%| F|  |TAMS 0x00000000e4500000, 0x00000000e4500000| Untracked 
|  70|0x00000000e4600000, 0x00000000e4600000, 0x00000000e4700000|  0%| F|  |TAMS 0x00000000e4600000, 0x00000000e4600000| Untracked 
|  71|0x00000000e4700000, 0x00000000e4700000, 0x00000000e4800000|  0%| F|  |TAMS 0x00000000e4700000, 0x00000000e4700000| Untracked 
|  72|0x00000000e4800000, 0x00000000e4800000, 0x00000000e4900000|  0%| F|  |TAMS 0x00000000e4800000, 0x00000000e4800000| Untracked 
|  73|0x00000000e4900000, 0x00000000e4900000, 0x00000000e4a00000|  0%| F|  |TAMS 0x00000000e4900000, 0x00000000e4900000| Untracked 
|  74|0x00000000e4a00000, 0x00000000e4a00000, 0x00000000e4b00000|  0%| F|  |TAMS 0x00000000e4a00000, 0x00000000e4a00000| Untracked 
|  75|0x00000000e4b00000, 0x00000000e4b00000, 0x00000000e4c00000|  0%| F|  |TAMS 0x00000000e4b00000, 0x00000000e4b00000| Untracked 
|  76|0x00000000e4c00000, 0x00000000e4c00000, 0x00000000e4d00000|  0%| F|  |TAMS 0x00000000e4c00000, 0x00000000e4c00000| Untracked 
|  77|0x00000000e4d00000, 0x00000000e4d00000, 0x00000000e4e00000|  0%| F|  |TAMS 0x00000000e4d00000, 0x00000000e4d00000| Untracked 
|  78|0x00000000e4e00000, 0x00000000e4e00000, 0x00000000e4f00000|  0%| F|  |TAMS 0x00000000e4e00000, 0x00000000e4e00000| Untracked 
|  79|0x00000000e4f00000, 0x00000000e4f00000, 0x00000000e5000000|  0%| F|  |TAMS 0x00000000e4f00000, 0x00000000e4f00000| Untracked 
|  80|0x00000000e5000000, 0x00000000e5000000, 0x00000000e5100000|  0%| F|  |TAMS 0x00000000e5000000, 0x00000000e5000000| Untracked 
|  81|0x00000000e5100000, 0x00000000e5100000, 0x00000000e5200000|  0%| F|  |TAMS 0x00000000e5100000, 0x00000000e5100000| Untracked 
|  82|0x00000000e5200000, 0x00000000e5300000, 0x00000000e5300000|100%| E|  |TAMS 0x00000000e5200000, 0x00000000e5200000| Complete 
|  83|0x00000000e5300000, 0x00000000e5400000, 0x00000000e5400000|100%| E|CS|TAMS 0x00000000e5300000, 0x00000000e5300000| Complete 
|  84|0x00000000e5400000, 0x00000000e5500000, 0x00000000e5500000|100%| E|CS|TAMS 0x00000000e5400000, 0x00000000e5400000| Complete 
|  85|0x00000000e5500000, 0x00000000e5600000, 0x00000000e5600000|100%| E|CS|TAMS 0x00000000e5500000, 0x00000000e5500000| Complete 
|  86|0x00000000e5600000, 0x00000000e5700000, 0x00000000e5700000|100%| E|CS|TAMS 0x00000000e5600000, 0x00000000e5600000| Complete 
|  87|0x00000000e5700000, 0x00000000e5800000, 0x00000000e5800000|100%| E|CS|TAMS 0x00000000e5700000, 0x00000000e5700000| Complete 
|  88|0x00000000e5800000, 0x00000000e5900000, 0x00000000e5900000|100%| E|CS|TAMS 0x00000000e5800000, 0x00000000e5800000| Complete 
|  89|0x00000000e5900000, 0x00000000e5a00000, 0x00000000e5a00000|100%| E|CS|TAMS 0x00000000e5900000, 0x00000000e5900000| Complete 
|  90|0x00000000e5a00000, 0x00000000e5b00000, 0x00000000e5b00000|100%| E|CS|TAMS 0x00000000e5a00000, 0x00000000e5a00000| Complete 
|  91|0x00000000e5b00000, 0x00000000e5c00000, 0x00000000e5c00000|100%| E|CS|TAMS 0x00000000e5b00000, 0x00000000e5b00000| Complete 
|  92|0x00000000e5c00000, 0x00000000e5d00000, 0x00000000e5d00000|100%| E|CS|TAMS 0x00000000e5c00000, 0x00000000e5c00000| Complete 
|  93|0x00000000e5d00000, 0x00000000e5e00000, 0x00000000e5e00000|100%| E|CS|TAMS 0x00000000e5d00000, 0x00000000e5d00000| Complete 
|  94|0x00000000e5e00000, 0x00000000e5f00000, 0x00000000e5f00000|100%| E|CS|TAMS 0x00000000e5e00000, 0x00000000e5e00000| Complete 
|  95|0x00000000e5f00000, 0x00000000e6000000, 0x00000000e6000000|100%| E|CS|TAMS 0x00000000e5f00000, 0x00000000e5f00000| Complete 
|  96|0x00000000e6000000, 0x00000000e6100000, 0x00000000e6100000|100%| E|CS|TAMS 0x00000000e6000000, 0x00000000e6000000| Complete 
|  97|0x00000000e6100000, 0x00000000e6200000, 0x00000000e6200000|100%| E|CS|TAMS 0x00000000e6100000, 0x00000000e6100000| Complete 
|  98|0x00000000e6200000, 0x00000000e6300000, 0x00000000e6300000|100%| E|CS|TAMS 0x00000000e6200000, 0x00000000e6200000| Complete 
| 127|0x00000000e7f00000, 0x00000000e8000000, 0x00000000e8000000|100%| E|CS|TAMS 0x00000000e7f00000, 0x00000000e7f00000| Complete 
| 128|0x00000000e8000000, 0x00000000e8100000, 0x00000000e8100000|100%| E|CS|TAMS 0x00000000e8000000, 0x00000000e8000000| Complete 
| 129|0x00000000e8100000, 0x00000000e8200000, 0x00000000e8200000|100%| E|CS|TAMS 0x00000000e8100000, 0x00000000e8100000| Complete 
| 130|0x00000000e8200000, 0x00000000e8300000, 0x00000000e8300000|100%| E|CS|TAMS 0x00000000e8200000, 0x00000000e8200000| Complete 
| 131|0x00000000e8300000, 0x00000000e8400000, 0x00000000e8400000|100%| E|CS|TAMS 0x00000000e8300000, 0x00000000e8300000| Complete 
| 132|0x00000000e8400000, 0x00000000e8500000, 0x00000000e8500000|100%| E|CS|TAMS 0x00000000e8400000, 0x00000000e8400000| Complete 
| 133|0x00000000e8500000, 0x00000000e8600000, 0x00000000e8600000|100%| E|CS|TAMS 0x00000000e8500000, 0x00000000e8500000| Complete 
| 253|0x00000000efd00000, 0x00000000efe00000, 0x00000000efe00000|100%| E|CS|TAMS 0x00000000efd00000, 0x00000000efd00000| Complete 

Card table byte_map: [0x0000027e791f0000,0x0000027e792f0000] _byte_map_base: 0x0000027e78af0000

Marking Bits (Prev, Next): (CMBitMap*) 0x0000027e78afe140, (CMBitMap*) 0x0000027e78afe100
 Prev Bits: [0x0000027e79bf0000, 0x0000027e7a3f0000)
 Next Bits: [0x0000027e793f0000, 0x0000027e79bf0000)

Polling page: 0x0000027e76820000

Metaspace:

Usage:
  Non-class:     77.79 MB used.
      Class:     12.05 MB used.
       Both:     89.84 MB used.

Virtual space:
  Non-class space:      128.00 MB reserved,      78.06 MB ( 61%) committed,  2 nodes.
      Class space:        1.00 GB reserved,      12.31 MB (  1%) committed,  1 nodes.
             Both:        1.12 GB reserved,      90.38 MB (  8%) committed. 

Chunk freelists:
   Non-Class:  1.45 MB
       Class:  3.55 MB
        Both:  5.00 MB

MaxMetaspaceSize: unlimited
CompressedClassSpaceSize: 1.00 GB
Initial GC threshold: 21.00 MB
Current GC threshold: 98.06 MB
CDS: on
MetaspaceReclaimPolicy: balanced
 - commit_granule_bytes: 65536.
 - commit_granule_words: 8192.
 - virtual_space_node_default_size: 8388608.
 - enlarge_chunks_in_place: 1.
 - new_chunks_are_fully_committed: 0.
 - uncommit_free_chunks: 1.
 - use_allocation_guard: 0.
 - handle_deallocations: 1.


Internal statistics:

num_allocs_failed_limit: 9.
num_arena_births: 844.
num_arena_deaths: 0.
num_vsnodes_births: 3.
num_vsnodes_deaths: 0.
num_space_committed: 1446.
num_space_uncommitted: 0.
num_chunks_returned_to_freelist: 9.
num_chunks_taken_from_freelist: 3951.
num_chunk_merges: 9.
num_chunk_splits: 2966.
num_chunks_enlarged: 2435.
num_inconsistent_stats: 0.

CodeHeap 'non-profiled nmethods': size=120000Kb used=4063Kb max_used=4063Kb free=115936Kb
 bounds [0x0000027e0f2e0000, 0x0000027e0f6e0000, 0x0000027e16810000]
CodeHeap 'profiled nmethods': size=120000Kb used=11727Kb max_used=11727Kb free=108272Kb
 bounds [0x0000027e07810000, 0x0000027e08390000, 0x0000027e0ed40000]
CodeHeap 'non-nmethods': size=5760Kb used=1437Kb max_used=1521Kb free=4322Kb
 bounds [0x0000027e0ed40000, 0x0000027e0efb0000, 0x0000027e0f2e0000]
 total_blobs=6373 nmethods=5662 adapters=623
 compilation: enabled
              stopped_count=0, restarted_count=0
 full_count=0

Compilation events (20 events):
Event: 10.685 Thread 0x0000027e7d0602c0 6443       2       org.springframework.core.convert.support.GenericConversionService$Converters::addInterfacesToClassHierarchy (51 bytes)
Event: 10.685 Thread 0x0000027e7d0602c0 nmethod 6443 0x0000027e08380b10 code [0x0000027e08380ce0, 0x0000027e08381008]
Event: 10.685 Thread 0x0000027e7d0602c0 6444       3       org.springframework.util.ClassUtils::resolvePrimitiveIfNecessary (37 bytes)
Event: 10.685 Thread 0x0000027e7d0602c0 nmethod 6444 0x0000027e08381310 code [0x0000027e083814e0, 0x0000027e083819b8]
Event: 10.713 Thread 0x0000027e7d0602c0 6447   !   2       org.springframework.util.ClassUtils::isVisible (26 bytes)
Event: 10.714 Thread 0x0000027e7d0602c0 nmethod 6447 0x0000027e08381b10 code [0x0000027e08381d00, 0x0000027e08382158]
Event: 10.714 Thread 0x0000027e7d0602c0 6448       2       java.util.stream.Collectors::toSet (26 bytes)
Event: 10.714 Thread 0x0000027e7d0602c0 nmethod 6448 0x0000027e08382590 code [0x0000027e08382740, 0x0000027e083828c8]
Event: 10.714 Thread 0x0000027e7d0602c0 6449       2       java.util.stream.Collectors$$Lambda$5/0x800000010::get (8 bytes)
Event: 10.715 Thread 0x0000027e7d0602c0 nmethod 6449 0x0000027e08382990 code [0x0000027e08382b20, 0x0000027e08382d38]
Event: 10.715 Thread 0x0000027e7d0602c0 6450       2       java.beans.Introspector::decapitalize (68 bytes)
Event: 10.716 Thread 0x0000027e7d0602c0 nmethod 6450 0x0000027e08382e10 code [0x0000027e08383080, 0x0000027e083836c8]
Event: 10.716 Thread 0x0000027e7d0602c0 6451       2       org.springframework.beans.factory.config.BeanPostProcessor::postProcessBeforeInitialization (2 bytes)
Event: 10.716 Thread 0x0000027e7d0602c0 nmethod 6451 0x0000027e08383b90 code [0x0000027e08383d20, 0x0000027e08383e38]
Event: 10.716 Thread 0x0000027e7d0602c0 6452       2       org.springframework.core.annotation.TypeMappedAnnotations::spliterator (14 bytes)
Event: 10.717 Thread 0x0000027e7d0602c0 nmethod 6452 0x0000027e08383f10 code [0x0000027e083840c0, 0x0000027e08384388]
Event: 10.717 Thread 0x0000027e7d0602c0 6453       2       org.springframework.core.annotation.TypeMappedAnnotations::getAggregates (50 bytes)
Event: 10.717 Thread 0x0000027e7d0602c0 nmethod 6453 0x0000027e08384490 code [0x0000027e08384660, 0x0000027e08384ab8]
Event: 10.719 Thread 0x0000027e7d0602c0 6454       2       java.lang.reflect.Parameter::isNamePresent (23 bytes)
Event: 10.719 Thread 0x0000027e7d0602c0 nmethod 6454 0x0000027e08384c10 code [0x0000027e08384da0, 0x0000027e08384f28]

GC Heap History (20 events):
Event: 6.036 GC heap before
{Heap before GC invocations=8 (full 0):
 garbage-first heap   total 61440K, used 33792K [0x00000000e0000000, 0x0000000100000000)
  region size 1024K, 15 young (15360K), 2 survivors (2048K)
 Metaspace       used 35646K, committed 35968K, reserved 1114112K
  class space    used 4329K, committed 4480K, reserved 1048576K
}
Event: 6.038 GC heap after
{Heap after GC invocations=9 (full 0):
 garbage-first heap   total 61440K, used 22990K [0x00000000e0000000, 0x0000000100000000)
  region size 1024K, 4 young (4096K), 4 survivors (4096K)
 Metaspace       used 35646K, committed 35968K, reserved 1114112K
  class space    used 4329K, committed 4480K, reserved 1048576K
}
Event: 6.346 GC heap before
{Heap before GC invocations=10 (full 0):
 garbage-first heap   total 61440K, used 43470K [0x00000000e0000000, 0x0000000100000000)
  region size 1024K, 25 young (25600K), 4 survivors (4096K)
 Metaspace       used 39010K, committed 39488K, reserved 1114112K
  class space    used 4889K, committed 5120K, reserved 1048576K
}
Event: 6.348 GC heap after
{Heap after GC invocations=11 (full 0):
 garbage-first heap   total 61440K, used 24453K [0x00000000e0000000, 0x0000000100000000)
  region size 1024K, 4 young (4096K), 4 survivors (4096K)
 Metaspace       used 39010K, committed 39488K, reserved 1114112K
  class space    used 4889K, committed 5120K, reserved 1048576K
}
Event: 6.354 GC heap before
{Heap before GC invocations=11 (full 0):
 garbage-first heap   total 61440K, used 24453K [0x00000000e0000000, 0x0000000100000000)
  region size 1024K, 5 young (5120K), 4 survivors (4096K)
 Metaspace       used 39192K, committed 39680K, reserved 1114112K
  class space    used 4910K, committed 5120K, reserved 1048576K
}
Event: 6.356 GC heap after
{Heap after GC invocations=12 (full 0):
 garbage-first heap   total 61440K, used 24500K [0x00000000e0000000, 0x0000000100000000)
  region size 1024K, 1 young (1024K), 1 survivors (1024K)
 Metaspace       used 39192K, committed 39680K, reserved 1114112K
  class space    used 4910K, committed 5120K, reserved 1048576K
}
Event: 6.476 GC heap before
{Heap before GC invocations=12 (full 0):
 garbage-first heap   total 61440K, used 46004K [0x00000000e0000000, 0x0000000100000000)
  region size 1024K, 22 young (22528K), 1 survivors (1024K)
 Metaspace       used 43277K, committed 43776K, reserved 1114112K
  class space    used 5409K, committed 5632K, reserved 1048576K
}
Event: 6.478 GC heap after
{Heap after GC invocations=13 (full 0):
 garbage-first heap   total 160768K, used 24683K [0x00000000e0000000, 0x0000000100000000)
  region size 1024K, 1 young (1024K), 1 survivors (1024K)
 Metaspace       used 43277K, committed 43776K, reserved 1114112K
  class space    used 5409K, committed 5632K, reserved 1048576K
}
Event: 7.830 GC heap before
{Heap before GC invocations=13 (full 0):
 garbage-first heap   total 160768K, used 118891K [0x00000000e0000000, 0x0000000100000000)
  region size 1024K, 94 young (96256K), 1 survivors (1024K)
 Metaspace       used 55491K, committed 56000K, reserved 1114112K
  class space    used 7064K, committed 7296K, reserved 1048576K
}
Event: 7.834 GC heap after
{Heap after GC invocations=14 (full 0):
 garbage-first heap   total 160768K, used 29984K [0x00000000e0000000, 0x0000000100000000)
  region size 1024K, 6 young (6144K), 6 survivors (6144K)
 Metaspace       used 55491K, committed 56000K, reserved 1114112K
  class space    used 7064K, committed 7296K, reserved 1048576K
}
Event: 8.158 GC heap before
{Heap before GC invocations=14 (full 0):
 garbage-first heap   total 160768K, used 52512K [0x00000000e0000000, 0x0000000100000000)
  region size 1024K, 29 young (29696K), 6 survivors (6144K)
 Metaspace       used 59610K, committed 60096K, reserved 1114112K
  class space    used 7636K, committed 7872K, reserved 1048576K
}
Event: 8.162 GC heap after
{Heap after GC invocations=15 (full 0):
 garbage-first heap   total 160768K, used 31091K [0x00000000e0000000, 0x0000000100000000)
  region size 1024K, 7 young (7168K), 7 survivors (7168K)
 Metaspace       used 59610K, committed 60096K, reserved 1114112K
  class space    used 7636K, committed 7872K, reserved 1048576K
}
Event: 8.965 GC heap before
{Heap before GC invocations=16 (full 0):
 garbage-first heap   total 109568K, used 89459K [0x00000000e0000000, 0x0000000100000000)
  region size 1024K, 64 young (65536K), 7 survivors (7168K)
 Metaspace       used 69041K, committed 69568K, reserved 1114112K
  class space    used 9163K, committed 9408K, reserved 1048576K
}
Event: 8.970 GC heap after
{Heap after GC invocations=17 (full 0):
 garbage-first heap   total 109568K, used 33519K [0x00000000e0000000, 0x0000000100000000)
  region size 1024K, 4 young (4096K), 4 survivors (4096K)
 Metaspace       used 69041K, committed 69568K, reserved 1114112K
  class space    used 9163K, committed 9408K, reserved 1048576K
}
Event: 8.981 GC heap before
{Heap before GC invocations=17 (full 0):
 garbage-first heap   total 109568K, used 34543K [0x00000000e0000000, 0x0000000100000000)
  region size 1024K, 5 young (5120K), 4 survivors (4096K)
 Metaspace       used 69294K, committed 69760K, reserved 1114112K
  class space    used 9195K, committed 9408K, reserved 1048576K
}
Event: 8.984 GC heap after
{Heap after GC invocations=18 (full 0):
 garbage-first heap   total 109568K, used 34126K [0x00000000e0000000, 0x0000000100000000)
  region size 1024K, 1 young (1024K), 1 survivors (1024K)
 Metaspace       used 69294K, committed 69760K, reserved 1114112K
  class space    used 9195K, committed 9408K, reserved 1048576K
}
Event: 9.573 GC heap before
{Heap before GC invocations=18 (full 0):
 garbage-first heap   total 109568K, used 87374K [0x00000000e0000000, 0x0000000100000000)
  region size 1024K, 54 young (55296K), 1 survivors (1024K)
 Metaspace       used 79902K, committed 80384K, reserved 1179648K
  class space    used 10572K, committed 10816K, reserved 1048576K
}
Event: 9.576 GC heap after
{Heap after GC invocations=19 (full 0):
 garbage-first heap   total 109568K, used 35092K [0x00000000e0000000, 0x0000000100000000)
  region size 1024K, 2 young (2048K), 2 survivors (2048K)
 Metaspace       used 79902K, committed 80384K, reserved 1179648K
  class space    used 10572K, committed 10816K, reserved 1048576K
}
Event: 10.305 GC heap before
{Heap before GC invocations=19 (full 0):
 garbage-first heap   total 109568K, used 89364K [0x00000000e0000000, 0x0000000100000000)
  region size 1024K, 55 young (56320K), 2 survivors (2048K)
 Metaspace       used 88757K, committed 89280K, reserved 1179648K
  class space    used 11925K, committed 12160K, reserved 1048576K
}
Event: 10.318 GC heap after
{Heap after GC invocations=20 (full 0):
 garbage-first heap   total 109568K, used 37549K [0x00000000e0000000, 0x0000000100000000)
  region size 1024K, 5 young (5120K), 5 survivors (5120K)
 Metaspace       used 88757K, committed 89280K, reserved 1179648K
  class space    used 11925K, committed 12160K, reserved 1048576K
}

Deoptimization events (20 events):
Event: 10.683 Thread 0x0000027e78acba80 DEOPT PACKING pc=0x0000027e07b795ec sp=0x000000f4c36f87a0
Event: 10.683 Thread 0x0000027e78acba80 DEOPT UNPACKING pc=0x0000027e0ed92b43 sp=0x000000f4c36f7d08 mode 1
Event: 10.683 Thread 0x0000027e78acba80 DEOPT PACKING pc=0x0000027e07b795ec sp=0x000000f4c36f87a0
Event: 10.683 Thread 0x0000027e78acba80 DEOPT UNPACKING pc=0x0000027e0ed92b43 sp=0x000000f4c36f7d08 mode 1
Event: 10.684 Thread 0x0000027e78acba80 DEOPT PACKING pc=0x0000027e07b795ec sp=0x000000f4c36fa220
Event: 10.684 Thread 0x0000027e78acba80 DEOPT UNPACKING pc=0x0000027e0ed92b43 sp=0x000000f4c36f9788 mode 1
Event: 10.684 Thread 0x0000027e78acba80 DEOPT PACKING pc=0x0000027e07b795ec sp=0x000000f4c36fa220
Event: 10.684 Thread 0x0000027e78acba80 DEOPT UNPACKING pc=0x0000027e0ed92b43 sp=0x000000f4c36f9788 mode 1
Event: 10.714 Thread 0x0000027e78acba80 DEOPT PACKING pc=0x0000027e07b795ec sp=0x000000f4c36fa220
Event: 10.714 Thread 0x0000027e78acba80 DEOPT UNPACKING pc=0x0000027e0ed92b43 sp=0x000000f4c36f9788 mode 1
Event: 10.714 Thread 0x0000027e78acba80 DEOPT PACKING pc=0x0000027e07b795ec sp=0x000000f4c36fa220
Event: 10.714 Thread 0x0000027e78acba80 DEOPT UNPACKING pc=0x0000027e0ed92b43 sp=0x000000f4c36f9788 mode 1
Event: 10.716 Thread 0x0000027e78acba80 DEOPT PACKING pc=0x0000027e07b795ec sp=0x000000f4c36fa220
Event: 10.716 Thread 0x0000027e78acba80 DEOPT UNPACKING pc=0x0000027e0ed92b43 sp=0x000000f4c36f9788 mode 1
Event: 10.716 Thread 0x0000027e78acba80 DEOPT PACKING pc=0x0000027e07b795ec sp=0x000000f4c36fa220
Event: 10.716 Thread 0x0000027e78acba80 DEOPT UNPACKING pc=0x0000027e0ed92b43 sp=0x000000f4c36f9788 mode 1
Event: 10.718 Thread 0x0000027e78acba80 DEOPT PACKING pc=0x0000027e07b795ec sp=0x000000f4c36fa220
Event: 10.718 Thread 0x0000027e78acba80 DEOPT UNPACKING pc=0x0000027e0ed92b43 sp=0x000000f4c36f9788 mode 1
Event: 10.718 Thread 0x0000027e78acba80 DEOPT PACKING pc=0x0000027e07b795ec sp=0x000000f4c36fa220
Event: 10.718 Thread 0x0000027e78acba80 DEOPT UNPACKING pc=0x0000027e0ed92b43 sp=0x000000f4c36f9788 mode 1

Classes unloaded (0 events):
No events

Classes redefined (1 events):
Event: 0.190 Thread 0x0000027e7d036250 redefined class name=java.lang.Throwable, count=1

Internal exceptions (20 events):
Event: 9.836 Thread 0x0000027e78acba80 Exception <a 'java/lang/NoSuchMethodError'{0x00000000e57bc230}: 'java.lang.Object java.lang.invoke.DirectMethodHandle$Holder.newInvokeSpecial(java.lang.Object, java.lang.Object, int, java.lang.Object)'> (0x00000000e57bc230) 
thrown [s\open\src\hotspot\share\interpreter\linkResolver.cpp, line 759]
Event: 9.853 Thread 0x0000027e78acba80 Exception <a 'java/lang/NoSuchMethodError'{0x00000000e551f7e8}: 'void java.lang.invoke.DirectMethodHandle$Holder.invokeSpecial(java.lang.Object, java.lang.Object, java.lang.Object, java.lang.Object, java.lang.Object, java.lang.Object, java.lang.Object, java.lang.Object)'> (0x00000000e551f7e8) 
thrown [s\open\src\hotspot\share\interpreter\linkResolver.cpp, line 759]
Event: 9.858 Thread 0x0000027e78acba80 Exception <a 'java/lang/NoSuchMethodError'{0x00000000e557c7f8}: 'void java.lang.invoke.DirectMethodHandle$Holder.invokeSpecial(java.lang.Object, java.lang.Object, int, java.lang.Object)'> (0x00000000e557c7f8) 
thrown [s\open\src\hotspot\share\interpreter\linkResolver.cpp, line 759]
Event: 9.882 Thread 0x0000027e78acba80 Exception <a 'java/lang/NoSuchMethodError'{0x00000000e539aaf0}: 'int java.lang.invoke.DirectMethodHandle$Holder.invokeStatic(java.lang.Object, int, java.lang.Object)'> (0x00000000e539aaf0) 
thrown [s\open\src\hotspot\share\interpreter\linkResolver.cpp, line 759]
Event: 9.889 Thread 0x0000027e78acba80 Exception <a 'java/lang/NoSuchMethodError'{0x00000000e520ec40}: 'java.lang.Object java.lang.invoke.DirectMethodHandle$Holder.newInvokeSpecial(java.lang.Object, java.lang.Object, java.lang.Object, java.lang.Object, java.lang.Object, java.lang.Object, java.lang.Object, java.lang.Object, java.lang.Object, java.lang.Object, java.lang.Object, java.lang.Object)'> (0x00000000e520ec40) 
thrown [s\open\src\hotspot\share\interpreter\linkResolver.cpp, line 759]
Event: 9.889 Thread 0x0000027e78acba80 Exception <a 'java/lang/NoSuchMethodError'{0x00000000e5213f08}: 'java.lang.Object java.lang.invoke.DirectMethodHandle$Holder.invokeSpecial(java.lang.Object, java.lang.Object, java.lang.Object, java.lang.Object, java.lang.Object, java.lang.Object, java.lang.Object, java.lang.Object, java.lang.Object, java.lang.Object, java.lang.Object, java.lang.Object, java.lang.Object)'> (0x00000000e5213f08) 
thrown [s\open\src\hotspot\share\interpreter\linkResolver.cpp, line 759]
Event: 9.889 Thread 0x0000027e78acba80 Exception <a 'java/lang/NoSuchMethodError'{0x00000000e5218e50}: 'java.lang.Object java.lang.invoke.Invokers$Holder.linkToTargetMethod(java.lang.Object, java.lang.Object, java.lang.Object, java.lang.Object, java.lang.Object, java.lang.Object, java.lang.Object, java.lang.Object, java.lang.Object, java.lang.Object, java.lang.Object, java.lang.Object)'> (0x00000000e5218e50) 
thrown [s\open\src\hotspot\share\interpreter\linkResolver.cpp, line 759]
Event: 9.916 Thread 0x0000027e78acba80 Exception <a 'java/lang/IncompatibleClassChangeError'{0x00000000e5050918}: Found class java.lang.Object, but interface was expected> (0x00000000e5050918) 
thrown [s\open\src\hotspot\share\interpreter\linkResolver.cpp, line 826]
Event: 10.098 Thread 0x0000027e78acba80 Exception <a 'java/lang/IncompatibleClassChangeError'{0x00000000e43a7da0}: Found class java.lang.Object, but interface was expected> (0x00000000e43a7da0) 
thrown [s\open\src\hotspot\share\interpreter\linkResolver.cpp, line 826]
Event: 10.139 Thread 0x0000027e78acba80 Exception <a 'java/lang/IncompatibleClassChangeError'{0x00000000e4005a68}: Found class java.lang.Object, but interface was expected> (0x00000000e4005a68) 
thrown [s\open\src\hotspot\share\interpreter\linkResolver.cpp, line 826]
Event: 10.348 Thread 0x0000027e78acba80 Exception <a 'java/lang/reflect/InvocationTargetException'{0x00000000e8442480}> (0x00000000e8442480) 
thrown [s\open\src\hotspot\share\runtime\reflection.cpp, line 1121]
Event: 10.363 Thread 0x0000027e78acba80 Exception <a 'java/lang/IncompatibleClassChangeError'{0x00000000e8340c90}: Found class java.lang.Object, but interface was expected> (0x00000000e8340c90) 
thrown [s\open\src\hotspot\share\interpreter\linkResolver.cpp, line 826]
Event: 10.401 Thread 0x0000027e78acba80 Exception <a 'java/lang/reflect/InvocationTargetException'{0x00000000e8190768}> (0x00000000e8190768) 
thrown [s\open\src\hotspot\share\runtime\reflection.cpp, line 1121]
Event: 10.402 Thread 0x0000027e78acba80 Exception <a 'java/lang/reflect/InvocationTargetException'{0x00000000e81995e0}> (0x00000000e81995e0) 
thrown [s\open\src\hotspot\share\runtime\reflection.cpp, line 1121]
Event: 10.403 Thread 0x0000027e78acba80 Exception <a 'java/lang/reflect/InvocationTargetException'{0x00000000e81a4d28}> (0x00000000e81a4d28) 
thrown [s\open\src\hotspot\share\runtime\reflection.cpp, line 1121]
Event: 10.416 Thread 0x0000027e78acba80 Exception <a 'java/lang/NoSuchMethodError'{0x00000000e809d7d0}: 'int java.lang.invoke.DirectMethodHandle$Holder.invokeStaticInit(java.lang.Object, int, java.lang.Object, java.lang.Object, java.lang.Object, java.lang.Object)'> (0x00000000e809d7d0) 
thrown [s\open\src\hotspot\share\interpreter\linkResolver.cpp, line 759]
Event: 10.506 Thread 0x0000027e78acba80 Implicit null exception at 0x0000027e0f51ba8c to 0x0000027e0f51bac0
Event: 10.668 Thread 0x0000027e78acba80 Exception <a 'sun/nio/fs/WindowsException'{0x00000000e57a9ee8}> (0x00000000e57a9ee8) 
thrown [s\open\src\hotspot\share\prims\jni.cpp, line 516]
Event: 10.669 Thread 0x0000027e78acba80 Exception <a 'sun/nio/fs/WindowsException'{0x00000000e57aea30}> (0x00000000e57aea30) 
thrown [s\open\src\hotspot\share\prims\jni.cpp, line 516]
Event: 10.689 Thread 0x0000027e78acba80 Exception <a 'java/lang/NoSuchMethodError'{0x00000000e5681728}: 'java.lang.Object java.lang.invoke.DirectMethodHandle$Holder.invokeVirtual(java.lang.Object, java.lang.Object, java.lang.Object, int)'> (0x00000000e5681728) 
thrown [s\open\src\hotspot\share\interpreter\linkResolver.cpp, line 759]

VM Operations (20 events):
Event: 9.633 Executing VM operation: HandshakeAllThreads
Event: 9.633 Executing VM operation: HandshakeAllThreads done
Event: 9.657 Executing VM operation: HandshakeAllThreads
Event: 9.657 Executing VM operation: HandshakeAllThreads done
Event: 9.748 Executing VM operation: HandshakeAllThreads
Event: 9.748 Executing VM operation: HandshakeAllThreads done
Event: 10.063 Executing VM operation: ChangeBreakpoints
Event: 10.064 Executing VM operation: ChangeBreakpoints done
Event: 10.247 Executing VM operation: HandshakeAllThreads
Event: 10.247 Executing VM operation: HandshakeAllThreads done
Event: 10.304 Executing VM operation: G1CollectForAllocation
Event: 10.318 Executing VM operation: G1CollectForAllocation done
Event: 10.634 Executing VM operation: HandshakeAllThreads
Event: 10.634 Executing VM operation: HandshakeAllThreads done
Event: 10.635 Executing VM operation: HandshakeAllThreads
Event: 10.635 Executing VM operation: HandshakeAllThreads done
Event: 10.638 Executing VM operation: HandshakeAllThreads
Event: 10.638 Executing VM operation: HandshakeAllThreads done
Event: 10.639 Executing VM operation: HandshakeAllThreads
Event: 10.639 Executing VM operation: HandshakeAllThreads done

Events (20 events):
Event: 10.706 loading class tools/jackson/databind/jsonFormatVisitors/WithGettableSerializationContext
Event: 10.706 loading class tools/jackson/databind/jsonFormatVisitors/WithGettableSerializationContext done
Event: 10.706 loading class tools/jackson/core/JsonEncoding
Event: 10.706 loading class tools/jackson/core/JsonEncoding done
Event: 10.706 loading class tools/jackson/databind/MappingIterator
Event: 10.706 loading class tools/jackson/databind/MappingIterator done
Event: 10.707 loading class tools/jackson/databind/node/ArrayNode
Event: 10.707 loading class tools/jackson/databind/node/ArrayNode done
Event: 10.708 loading class tools/jackson/databind/node/ContainerNode
Event: 10.708 loading class tools/jackson/databind/node/ContainerNode done
Event: 10.709 loading class tools/jackson/databind/node/ObjectNode
Event: 10.709 loading class tools/jackson/databind/node/ObjectNode done
Event: 10.711 loading class tools/jackson/core/JsonToken
Event: 10.711 loading class tools/jackson/core/JsonToken done
Event: 10.717 loading class tools/jackson/databind/json/JsonMapper
Event: 10.717 loading class tools/jackson/databind/json/JsonMapper done
Event: 10.717 loading class org/springframework/http/codec/CodecConfigurer
Event: 10.717 loading class org/springframework/http/codec/CodecConfigurer done
Event: 10.717 loading class tools/jackson/databind/json/JsonMapper
Event: 10.717 loading class tools/jackson/databind/json/JsonMapper done


Dynamic libraries:
0x00007ff741510000 - 0x00007ff741520000 	C:\Program Files\Java\jdk-17\bin\java.exe
0x00007ffd67430000 - 0x00007ffd67628000 	C:\Windows\SYSTEM32\ntdll.dll
0x00007ffd66400000 - 0x00007ffd664c2000 	C:\Windows\System32\KERNEL32.DLL
0x00007ffd64f90000 - 0x00007ffd65286000 	C:\Windows\System32\KERNELBASE.dll
0x00007ffd64b60000 - 0x00007ffd64c60000 	C:\Windows\System32\ucrtbase.dll
0x00007ffd50270000 - 0x00007ffd50289000 	C:\Program Files\Java\jdk-17\bin\jli.dll
0x00007ffd502d0000 - 0x00007ffd502eb000 	C:\Program Files\Java\jdk-17\bin\VCRUNTIME140.dll
0x00007ffd65450000 - 0x00007ffd65501000 	C:\Windows\System32\ADVAPI32.dll
0x00007ffd665f0000 - 0x00007ffd6668e000 	C:\Windows\System32\msvcrt.dll
0x00007ffd668f0000 - 0x00007ffd6698f000 	C:\Windows\System32\sechost.dll
0x00007ffd666a0000 - 0x00007ffd667c0000 	C:\Windows\System32\RPCRT4.dll
0x00007ffd65420000 - 0x00007ffd65447000 	C:\Windows\System32\bcrypt.dll
0x00007ffd66250000 - 0x00007ffd663f1000 	C:\Windows\System32\USER32.dll
0x00007ffd64f60000 - 0x00007ffd64f82000 	C:\Windows\System32\win32u.dll
0x00007ffd65550000 - 0x00007ffd6557b000 	C:\Windows\System32\GDI32.dll
0x00007ffd529c0000 - 0x00007ffd52c5b000 	C:\Windows\WinSxS\amd64_microsoft.windows.common-controls_6595b64144ccf1df_6.0.19041.6456_none_60b8a6cb71f64256\COMCTL32.dll
0x00007ffd64e40000 - 0x00007ffd64f59000 	C:\Windows\System32\gdi32full.dll
0x00007ffd64ac0000 - 0x00007ffd64b5d000 	C:\Windows\System32\msvcp_win.dll
0x00007ffd5f320000 - 0x00007ffd5f32a000 	C:\Windows\SYSTEM32\VERSION.dll
0x00007ffd65520000 - 0x00007ffd6554f000 	C:\Windows\System32\IMM32.DLL
0x00007ffd5add0000 - 0x00007ffd5addc000 	C:\Program Files\Java\jdk-17\bin\vcruntime140_1.dll
0x00007ffd48a60000 - 0x00007ffd48aee000 	C:\Program Files\Java\jdk-17\bin\msvcp140.dll
0x00007ffd2e600000 - 0x00007ffd2f1e1000 	C:\Program Files\Java\jdk-17\bin\server\jvm.dll
0x00007ffd65990000 - 0x00007ffd65998000 	C:\Windows\System32\PSAPI.DLL
0x00007ffd3c920000 - 0x00007ffd3c929000 	C:\Windows\SYSTEM32\WSOCK32.dll
0x00007ffd52e10000 - 0x00007ffd52e37000 	C:\Windows\SYSTEM32\WINMM.dll
0x00007ffd66b30000 - 0x00007ffd66b9b000 	C:\Windows\System32\WS2_32.dll
0x00007ffd63290000 - 0x00007ffd632a2000 	C:\Windows\SYSTEM32\kernel.appcore.dll
0x00007ffd4d330000 - 0x00007ffd4d33a000 	C:\Program Files\Java\jdk-17\bin\jimage.dll
0x00007ffd62eb0000 - 0x00007ffd630b1000 	C:\Windows\SYSTEM32\DBGHELP.DLL
0x00007ffd4fbf0000 - 0x00007ffd4fc24000 	C:\Windows\SYSTEM32\dbgcore.DLL
0x00007ffd652e0000 - 0x00007ffd65362000 	C:\Windows\System32\bcryptPrimitives.dll
0x00007ffd50330000 - 0x00007ffd5036b000 	C:\Program Files\Java\jdk-17\bin\jdwp.dll
0x00007ffd5be20000 - 0x00007ffd5be2e000 	C:\Program Files\Java\jdk-17\bin\instrument.dll
0x00007ffd49350000 - 0x00007ffd49375000 	C:\Program Files\Java\jdk-17\bin\java.dll
0x00007ffd49200000 - 0x00007ffd49218000 	C:\Program Files\Java\jdk-17\bin\zip.dll
0x00007ffd47b80000 - 0x00007ffd47c57000 	C:\Program Files\Java\jdk-17\bin\jsvml.dll
0x00007ffd65ae0000 - 0x00007ffd66250000 	C:\Windows\System32\SHELL32.dll
0x00007ffd62700000 - 0x00007ffd62ea5000 	C:\Windows\SYSTEM32\windows.storage.dll
0x00007ffd67090000 - 0x00007ffd673e4000 	C:\Windows\System32\combase.dll
0x00007ffd64410000 - 0x00007ffd6443b000 	C:\Windows\SYSTEM32\Wldp.dll
0x00007ffd655e0000 - 0x00007ffd656ad000 	C:\Windows\System32\OLEAUT32.dll
0x00007ffd667c0000 - 0x00007ffd6686d000 	C:\Windows\System32\SHCORE.dll
0x00007ffd65580000 - 0x00007ffd655db000 	C:\Windows\System32\shlwapi.dll
0x00007ffd649f0000 - 0x00007ffd64a14000 	C:\Windows\SYSTEM32\profapi.dll
0x00007ffd50320000 - 0x00007ffd5032c000 	C:\Program Files\Java\jdk-17\bin\dt_socket.dll
0x00007ffd63e80000 - 0x00007ffd63ebb000 	C:\Windows\SYSTEM32\IPHLPAPI.DLL
0x00007ffd64180000 - 0x00007ffd641ea000 	C:\Windows\system32\mswsock.dll
0x00007ffd491e0000 - 0x00007ffd491f9000 	C:\Program Files\Java\jdk-17\bin\net.dll
0x00007ffd5d2a0000 - 0x00007ffd5d3aa000 	C:\Windows\SYSTEM32\WINHTTP.dll
0x00007ffd491c0000 - 0x00007ffd491d6000 	C:\Program Files\Java\jdk-17\bin\nio.dll
0x00007ffd5be10000 - 0x00007ffd5be1e000 	C:\Program Files\Java\jdk-17\bin\sunmscapi.dll
0x00007ffd64ce0000 - 0x00007ffd64e3d000 	C:\Windows\System32\CRYPT32.dll
0x00007ffd64560000 - 0x00007ffd64587000 	C:\Windows\SYSTEM32\ncrypt.dll
0x00007ffd64520000 - 0x00007ffd6455b000 	C:\Windows\SYSTEM32\NTASN1.dll
0x00007ffd03590000 - 0x00007ffd03597000 	C:\Windows\system32\wshunix.dll
0x00007ffd64450000 - 0x00007ffd64468000 	C:\Windows\SYSTEM32\CRYPTSP.dll
0x00007ffd63a40000 - 0x00007ffd63a78000 	C:\Windows\system32\rsaenh.dll
0x00007ffd649b0000 - 0x00007ffd649de000 	C:\Windows\SYSTEM32\USERENV.dll
0x00007ffd64380000 - 0x00007ffd6438c000 	C:\Windows\SYSTEM32\CRYPTBASE.dll
0x00007ffd65510000 - 0x00007ffd65518000 	C:\Windows\System32\NSI.dll
0x00007ffd5db50000 - 0x00007ffd5db67000 	C:\Windows\SYSTEM32\dhcpcsvc6.DLL
0x00007ffd5dfa0000 - 0x00007ffd5dfbd000 	C:\Windows\SYSTEM32\dhcpcsvc.DLL
0x00007ffd63ec0000 - 0x00007ffd63f8a000 	C:\Windows\SYSTEM32\DNSAPI.dll
0x00007ffd499c0000 - 0x00007ffd499d0000 	C:\Program Files\Java\jdk-17\bin\verify.dll
0x00007ffd5d9e0000 - 0x00007ffd5d9ea000 	C:\Windows\System32\rasadhlp.dll
0x00007ffd5b8f0000 - 0x00007ffd5b970000 	C:\Windows\System32\fwpuclnt.dll
0x00007ffd491b0000 - 0x00007ffd491ba000 	C:\Program Files\Java\jdk-17\bin\management.dll
0x00007ffd49170000 - 0x00007ffd4917b000 	C:\Program Files\Java\jdk-17\bin\management_ext.dll

dbghelp: loaded successfully - version: 4.0.5 - missing functions: none
symbol engine: initialized successfully - sym options: 0x614 - pdb path: .;C:\Program Files\Java\jdk-17\bin;C:\Windows\SYSTEM32;C:\Windows\WinSxS\amd64_microsoft.windows.common-controls_6595b64144ccf1df_6.0.19041.6456_none_60b8a6cb71f64256;C:\Program Files\Java\jdk-17\bin\server

VM Arguments:
jvm_args: -Ddebugger.agent.enable.coroutines=true -Ddebugger.async.stack.trace.for.all.threads=true -Dkotlinx.coroutines.debug.enable.creation.stack.trace=false -Dkotlinx.coroutines.debug.enable.flows.stack.trace=true -Dkotlinx.coroutines.debug.enable.mutable.state.flows.stack.trace=true -Dorg.gradle.internal.worker.tmpdir=D:\IdeaProjects\spring-security-jwt\build\tmp\test\work -agentlib:jdwp=transport=dt_socket,server=n,suspend=y,address=127.0.0.1:60375 -javaagent:C:\Users\Admin\AppData\Local\JetBrains\IntelliJIdea2025.3\captureAgent\debugger-agent.jar=file:///C:/Users/Admin/AppData/Local/Temp/capture10978586401358090207.props -Xmx512m -Dfile.encoding=UTF-8 -Duser.country=RU -Duser.language=ru -Duser.variant -ea 
java_command: worker.org.gradle.process.internal.worker.GradleWorkerMain 'Gradle Test Executor 4'
java_class_path (initial): C:\\Users\\Admin\\.gradle\\caches\\9.3.1\\workerMain\\gradle-worker.jar;D:\\IdeaProjects\\spring-security-jwt\\build\\classes\\java\\test;D:\\IdeaProjects\\spring-security-jwt\\build\\resources\\test;D:\\IdeaProjects\\spring-security-jwt\\build\\classes\\java\\main;D:\\IdeaProjects\\spring-security-jwt\\build\\resources\\main;C:\\Users\\Admin\\.gradle\\caches\\modules-2\\files-2.1\\org.springframework.boot\\spring-boot-starter-webflux\\4.0.4\\eab17115660bc7e39f91dabdb2247fe8cc58a6b8\\spring-boot-starter-webflux-4.0.4.jar;C:\\Users\\Admin\\.gradle\\caches\\modules-2\\files-2.1\\org.springframework.boot\\spring-boot-starter-security-test\\4.0.4\\2bfc9973dd3514d11069b381c41f2093655840d2\\spring-boot-starter-security-test-4.0.4.jar;C:\\Users\\Admin\\.gradle\\caches\\modules-2\\files-2.1\\org.springframework.boot\\spring-boot-starter-security\\4.0.4\\b7594dd7a04aa208a7f07d8db6d6ae4d6a4eac18\\spring-boot-starter-security-4.0.4.jar;C:\\Users\\Admin\\.gradle\\caches\\modules-2\\files-2.1\\org.springframework.boot\\spring-boot-starter-data-jpa\\4.0.4\\614297562d8039d22315f1befadcd3f639778d55\\spring-boot-starter-data-jpa-4.0.4.jar;C:\\Users\\Admin\\.gradle\\caches\\modules-2\\files-2.1\\org.postgresql\\postgresql\\42.7.10\\35100a3f0899551e27af8fed4a3414619a4663b3\\postgresql-42.7.10.jar;C:\\Users\\Admin\\.gradle\\caches\\modules-2\\files-2.1\\io.jsonwebtoken\\jjwt-impl\\0.11.5\\40a599f0e8a8e4e0701596fbb15e67bfda64fdf0\\jjwt-impl-0.11.5.jar;C:\\Users\\Admin\\.gradle\\caches\\modules-2\\files-2.1\\io.jsonwebtoken\\jjwt-jackson\\0.11.5\\3b83a06809e98a69402d7333dcf67df6f6ea4579\\jjwt-jackson-0.11.5.jar;C:\\Users\\Admin\\.gradle\\caches\\modules-2\\files-2.1\\io.jsonwebtoken\\jjwt-api\\0.11.5\\f742940045619d06383e7df37b21ac422b476cf1\\jjwt-api-0.11.5.jar;C:\\Users\\Admin\\.gradle\\caches\\modules-2\\files-2.1\\org.flywaydb\\flyway-core\\11.14.1\\869ad74f22948c22904fd99cb78b9d5b8b8e18b4\\flyway-core-11.14.1.jar;C:\\Users\\Admin\\.gradle\\caches\\module
Launcher Type: SUN_STANDARD

[Global flags]
     intx CICompilerCount                          = 4                                         {product} {ergonomic}
     uint ConcGCThreads                            = 3                                         {product} {ergonomic}
     uint G1ConcRefinementThreads                  = 10                                        {product} {ergonomic}
   size_t G1HeapRegionSize                         = 1048576                                   {product} {ergonomic}
    uintx GCDrainStackTargetSize                   = 64                                        {product} {ergonomic}
   size_t InitialHeapSize                          = 266338304                                 {product} {ergonomic}
   size_t MarkStackSize                            = 4194304                                   {product} {ergonomic}
   size_t MaxHeapSize                              = 536870912                                 {product} {command line}
   size_t MaxNewSize                               = 321912832                                 {product} {ergonomic}
   size_t MinHeapDeltaBytes                        = 1048576                                   {product} {ergonomic}
   size_t MinHeapSize                              = 8388608                                   {product} {ergonomic}
    uintx NonNMethodCodeHeapSize                   = 5839372                                {pd product} {ergonomic}
    uintx NonProfiledCodeHeapSize                  = 122909434                              {pd product} {ergonomic}
    uintx ProfiledCodeHeapSize                     = 122909434                              {pd product} {ergonomic}
    uintx ReservedCodeCacheSize                    = 251658240                              {pd product} {ergonomic}
     bool SegmentedCodeCache                       = true                                      {product} {ergonomic}
   size_t SoftMaxHeapSize                          = 536870912                              {manageable} {ergonomic}
     bool UseCompressedClassPointers               = true                           {product lp64_product} {ergonomic}
     bool UseCompressedOops                        = true                           {product lp64_product} {ergonomic}
     bool UseG1GC                                  = true                                      {product} {ergonomic}
     bool UseLargePagesIndividualAllocation        = false                                  {pd product} {ergonomic}

Logging:
Log output configuration:
 #0: stdout all=warning uptime,level,tags
 #1: stderr all=off uptime,level,tags

Environment Variables:
JAVA_HOME=C:\Program Files\Java\jdk-17
PATH=C:\Program Files\Common Files\Oracle\Java\javapath;C:\Program Files (x86)\Borland\Delphi7\Bin;C:\Program Files (x86)\Borland\Delphi7\Projects\Bpl\;C:\Program Files (x86)\Common Files\Oracle\Java\javapath;C:\Windows\system32;C:\Windows;C:\Windows\System32\Wbem;C:\Windows\System32\WindowsPowerShell\v1.0\;C:\Windows\System32\OpenSSH\;C:\Program Files\Git\cmd;C:\Program Files\Java\jdk-17\bin;D:\maven\bin;C:\Program Files\Docker\Docker\resources\bin;D:\Android\Sdk\platform-tools;C:\Users\Admin\AppData\Local\Microsoft\WindowsApps;
USERNAME=Admin
OS=Windows_NT
PROCESSOR_IDENTIFIER=Intel64 Family 6 Model 158 Stepping 10, GenuineIntel



---------------  S Y S T E M  ---------------

OS:
 Windows 10 , 64 bit Build 19041 (10.0.19041.5915)
OS uptime: 0 days 7:52 hours
Hyper-V role detected

CPU: total 12 (initial active 12) (6 cores per cpu, 2 threads per core) family 6 model 158 stepping 10 microcode 0xb4, cx8, cmov, fxsr, ht, mmx, 3dnowpref, sse, sse2, sse3, ssse3, sse4.1, sse4.2, popcnt, lzcnt, tsc, tscinvbit, avx, avx2, aes, erms, clmul, bmi1, bmi2, adx, fma, vzeroupper, clflush, clflushopt, hv

Memory: 4k page, system-wide physical 16226M (1300M free)
TotalPageFile size 16226M (AvailPageFile size 16M)
current process WorkingSet (physical memory assigned to process): 453M, peak: 464M
current process commit charge ("private bytes"): 496M, peak: 509M

vm_info: Java HotSpot(TM) 64-Bit Server VM (17.0.14+8-LTS-191) for windows-amd64 JRE (17.0.14+8-LTS-191), built on Dec  3 2024 11:07:59 by "mach5one" with MS VC++ 17.6 (VS2022)

END.
